c:\users\lenovo\documents\visual studio 2013\projects\atm project\atm project\debug\atmproject.atm_usermode.resources
c:\users\lenovo\documents\visual studio 2013\projects\atm project\atm project\debug\atmproject.employeescreen.resources
c:\users\lenovo\documents\visual studio 2013\projects\atm project\atm project\debug\atmproject.loginscreen.resources
c:\users\lenovo\documents\visual studio 2013\projects\atm project\atm project\debug\atmproject.usertransactions.resources
c:\users\lenovo\documents\visual studio 2013\projects\atm project\atm project\debug\vc120.pdb
c:\users\lenovo\documents\visual studio 2013\projects\atm project\atm project\debug\.netframework,version=v4.5.assemblyattributes.obj
c:\users\lenovo\documents\visual studio 2013\projects\atm project\atm project\debug\atm_usermode.obj
c:\users\lenovo\documents\visual studio 2013\projects\atm project\atm project\debug\usertransactions.obj
c:\users\lenovo\documents\visual studio 2013\projects\atm project\atm project\debug\employeescreen.obj
c:\users\lenovo\documents\visual studio 2013\projects\atm project\atm project\debug\main.obj
c:\users\lenovo\documents\visual studio 2013\projects\atm project\atm project\debug\loginscreen.obj
c:\users\lenovo\documents\visual studio 2013\projects\atm project\atm project\debug\atm project.vcxproj.generateresource.cache
c:\users\lenovo\documents\visual studio 2013\projects\atm project\atm project\debug\atm project.vcxprojresolveassemblyreference.cache
c:\users\lenovo\documents\visual studio 2013\projects\atm project\debug\atm project.pdb
c:\users\lenovo\documents\visual studio 2013\projects\atm project\atm project\debug\atm project.tlog\atm project.write.1u.tlog
c:\users\lenovo\documents\visual studio 2013\projects\atm project\atm project\debug\atm project.tlog\cl.command.1.tlog
c:\users\lenovo\documents\visual studio 2013\projects\atm project\atm project\debug\atm project.tlog\cl.read.1.tlog
c:\users\lenovo\documents\visual studio 2013\projects\atm project\atm project\debug\atm project.tlog\cl.write.1.tlog
c:\users\lenovo\documents\visual studio 2013\projects\atm project\atm project\debug\atm project.tlog\link.16824-cvtres.read.1.tlog
c:\users\lenovo\documents\visual studio 2013\projects\atm project\atm project\debug\atm project.tlog\link.16824-cvtres.write.1.tlog
c:\users\lenovo\documents\visual studio 2013\projects\atm project\atm project\debug\atm project.tlog\link.16824-rc.read.1.tlog
c:\users\lenovo\documents\visual studio 2013\projects\atm project\atm project\debug\atm project.tlog\link.16824-rc.write.1.tlog
c:\users\lenovo\documents\visual studio 2013\projects\atm project\atm project\debug\atm project.tlog\link.16824.read.1.tlog
c:\users\lenovo\documents\visual studio 2013\projects\atm project\atm project\debug\atm project.tlog\link.16824.write.1.tlog
c:\users\lenovo\documents\visual studio 2013\projects\atm project\atm project\debug\atm project.tlog\link.command.1.tlog
c:\users\lenovo\documents\visual studio 2013\projects\atm project\atm project\debug\atm project.tlog\link.read.1.tlog
c:\users\lenovo\documents\visual studio 2013\projects\atm project\atm project\debug\atm project.tlog\link.write.1.tlog
c:\users\lenovo\documents\visual studio 2013\projects\atm project\atm project\debug\atm project.tlog\metagen.read.1.tlog
c:\users\lenovo\documents\visual studio 2013\projects\atm project\atm project\debug\atm project.tlog\metagen.write.1.tlog
c:\users\lenovo\documents\visual studio 2013\projects\atm project\atm project\debug\atm project.tlog\tzres.dll.bi
